<?xml version="1.0" encoding="UTF-8"?>
<!-- Generated by org.testng.reporters.JUnitReportReporter -->
<testsuite hostname="DESKTOP-PGEII88" failures="0" tests="6" name="testng.Assert" time="0.024" errors="0" timestamp="2023-04-11T17:44:20 IST" skipped="0">
  <testcase classname="testng.Assert" name="test3" time="0.008"/>
  <system-out/>
  <testcase classname="testng.Assert" name="test3" time="0.004"/>
  <system-out/>
  <testcase classname="testng.Assert" name="test3" time="0.002"/>
  <system-out/>
  <testcase classname="testng.Assert" name="test2" time="0.003"/>
  <system-out/>
  <testcase classname="testng.Assert" name="test1" time="0.004"/>
  <system-out/>
  <testcase classname="testng.Assert" name="test4" time="0.003"/>
  <system-out/>
</testsuite> <!-- testng.Assert -->
