<?xml version="1.0" encoding="UTF-8"?>
<!-- Generated by org.testng.reporters.JUnitReportReporter -->
<testsuite hostname="DESKTOP-PGEII88" failures="0" tests="2" name="testng.verifyForFotPasswordPage" time="16.997" errors="0" timestamp="2023-04-11T13:30:52 IST" skipped="0">
  <testcase classname="testng.verifyForFotPasswordPage" name="VerifyCancleButtonOnForgotPassword" time="13.447"/>
  <system-out/>
  <testcase classname="testng.verifyForFotPasswordPage" name="VerifyMessageOnForgotPasswordPage" time="3.550"/>
  <system-out/>
</testsuite> <!-- testng.verifyForFotPasswordPage -->
